<?xml version="1.0" encoding="UTF-8"?>
<testsuite name="CardComparatorTest" tests="3" skipped="0" failures="0" errors="0" timestamp="2020-07-14T21:23:40" hostname="Valeries-MacBook-Pro.local" time="0.001">
  <properties/>
  <testcase name="compareGreaterThanValue" classname="CardComparatorTest" time="0.001"/>
  <testcase name="compareSameValueDifferentSuit" classname="CardComparatorTest" time="0.0"/>
  <testcase name="compareLessThanValue" classname="CardComparatorTest" time="0.0"/>
  <system-out><![CDATA[]]></system-out>
  <system-err><![CDATA[]]></system-err>
</testsuite>
