<?xml version="1.0" encoding="UTF-8"?>
<testsuite name="Model.PokerHandEvalTest" tests="4" skipped="0" failures="0" errors="0" timestamp="2020-09-14T19:39:27" hostname="Valeries-MacBook-Pro.local" time="0.005">
  <properties/>
  <testcase name="highCard" classname="Model.PokerHandEvalTest" time="0.0"/>
  <testcase name="pair" classname="Model.PokerHandEvalTest" time="0.004"/>
  <testcase name="cardsInPlay" classname="Model.PokerHandEvalTest" time="0.0"/>
  <testcase name="threeOfKind" classname="Model.PokerHandEvalTest" time="0.0"/>
  <system-out><![CDATA[[<King of Diamonds>, <King of Spades>]
[<King of Diamonds>, <King of Spades>]
]]></system-out>
  <system-err><![CDATA[]]></system-err>
</testsuite>
