<?xml version="1.0" encoding="UTF-8"?>
<testsuite name="Model.EmptyDeckOfCardsTest" tests="3" skipped="0" failures="0" errors="0" timestamp="2020-09-14T19:35:21" hostname="Valeries-MacBook-Pro.local" time="0.0">
  <properties/>
  <testcase name="testToString" classname="Model.EmptyDeckOfCardsTest" time="0.0"/>
  <testcase name="size" classname="Model.EmptyDeckOfCardsTest" time="0.0"/>
  <testcase name="isEmpty" classname="Model.EmptyDeckOfCardsTest" time="0.0"/>
  <system-out><![CDATA[]]></system-out>
  <system-err><![CDATA[]]></system-err>
</testsuite>
