<?xml version="1.0" encoding="UTF-8"?>
<testsuite name="Model.TexasHoldemTest" tests="16" skipped="0" failures="0" errors="0" timestamp="2020-08-17T17:51:29" hostname="Valeries-MacBook-Pro.local" time="0.003">
  <properties/>
  <testcase name="changeAllPlayersFlagToTrue" classname="Model.TexasHoldemTest" time="0.0"/>
  <testcase name="bettingRound" classname="Model.TexasHoldemTest" time="0.0"/>
  <testcase name="getCurrPlayers" classname="Model.TexasHoldemTest" time="0.0"/>
  <testcase name="updateRoundBigBlind" classname="Model.TexasHoldemTest" time="0.0"/>
  <testcase name="foldPlayer" classname="Model.TexasHoldemTest" time="0.0"/>
  <testcase name="shiftPlayersForBets" classname="Model.TexasHoldemTest" time="0.0"/>
  <testcase name="updateFlag" classname="Model.TexasHoldemTest" time="0.0"/>
  <testcase name="validatePlayersBet" classname="Model.TexasHoldemTest" time="0.0"/>
  <testcase name="indexOfFirstToAct" classname="Model.TexasHoldemTest" time="0.0"/>
  <testcase name="checkPlayerLosses" classname="Model.TexasHoldemTest" time="0.0"/>
  <testcase name="rotateBlinds" classname="Model.TexasHoldemTest" time="0.0"/>
  <testcase name="createPlayer" classname="Model.TexasHoldemTest" time="0.0"/>
  <testcase name="getRoundBigBlind" classname="Model.TexasHoldemTest" time="0.0"/>
  <testcase name="validatePlayersChoice" classname="Model.TexasHoldemTest" time="0.0"/>
  <testcase name="newGame" classname="Model.TexasHoldemTest" time="0.0"/>
  <testcase name="playGame" classname="Model.TexasHoldemTest" time="0.001"/>
  <system-out><![CDATA[]]></system-out>
  <system-err><![CDATA[]]></system-err>
</testsuite>
